<?xml version="1.0" encoding="UTF-8"?>
<!-- Generated by org.testng.reporters.JUnitXMLReporter -->
<testsuite hostname="LAPTOP-CHAAP4R1" ignored="0" name="Test" tests="2" failures="1" timestamp="06 Sep 2019 20:04:18 GMT" time="17.458" errors="0">
  <testcase name="verifyLoginFunctionality" time="3.178" classname="com.wallethub.tests.FacebookLoginTest"/>
  <testcase name="verifyLoginPageTitle" time="0.022" classname="com.wallethub.tests.FacebookLoginTest">
    <failure type="java.lang.AssertionError" message="expected [Facebook – log in or sign up] but found [Log in to Facebook | Facebook]">
      <![CDATA[java.lang.AssertionError: expected [Facebook – log in or sign up] but found [Log in to Facebook | Facebook]
at com.wallethub.tests.FacebookLoginTest.verifyLoginPageTitle(FacebookLoginTest.java:29)
... Removed 31 stack frames]]>
    </failure>
  </testcase> <!-- verifyLoginPageTitle -->
</testsuite> <!-- Test -->
